Determining if the pthread_create exist failed with the following output:
Change Dir: /home/g77/workspace/ak/AngewandteKryptografie/EclipseDebug/CMakeFiles/CMakeTmp

Run Build Command:/usr/bin/make "cmTryCompileExec3519439594/fast"
/usr/bin/make -f CMakeFiles/cmTryCompileExec3519439594.dir/build.make CMakeFiles/cmTryCompileExec3519439594.dir/build
make[1]: Entering directory `/home/g77/workspace/ak/AngewandteKryptografie/EclipseDebug/CMakeFiles/CMakeTmp'
/usr/local/bin/cmake -E cmake_progress_report /home/g77/workspace/ak/AngewandteKryptografie/EclipseDebug/CMakeFiles/CMakeTmp/CMakeFiles 1
Building C object CMakeFiles/cmTryCompileExec3519439594.dir/CheckSymbolExists.c.o
/usr/bin/cc    -o CMakeFiles/cmTryCompileExec3519439594.dir/CheckSymbolExists.c.o   -c /home/g77/workspace/ak/AngewandteKryptografie/EclipseDebug/CMakeFiles/CMakeTmp/CheckSymbolExists.c
Linking C executable cmTryCompileExec3519439594
/usr/local/bin/cmake -E cmake_link_script CMakeFiles/cmTryCompileExec3519439594.dir/link.txt --verbose=1
/usr/bin/cc       CMakeFiles/cmTryCompileExec3519439594.dir/CheckSymbolExists.c.o  -o cmTryCompileExec3519439594 -rdynamic 
CMakeFiles/cmTryCompileExec3519439594.dir/CheckSymbolExists.c.o: In function `main':
CheckSymbolExists.c:(.text+0xa): undefined reference to `pthread_create'
collect2: error: ld returned 1 exit status
make[1]: *** [cmTryCompileExec3519439594] Error 1
make[1]: Leaving directory `/home/g77/workspace/ak/AngewandteKryptografie/EclipseDebug/CMakeFiles/CMakeTmp'
make: *** [cmTryCompileExec3519439594/fast] Error 2

File /home/g77/workspace/ak/AngewandteKryptografie/EclipseDebug/CMakeFiles/CMakeTmp/CheckSymbolExists.c:
/* */
#include <pthread.h>

int main(int argc, char** argv)
{
  (void)argv;
#ifndef pthread_create
  return ((int*)(&pthread_create))[argc];
#else
  (void)argc;
  return 0;
#endif
}

Determining if the function pthread_create exists in the pthreads failed with the following output:
Change Dir: /home/g77/workspace/ak/AngewandteKryptografie/EclipseDebug/CMakeFiles/CMakeTmp

Run Build Command:/usr/bin/make "cmTryCompileExec2325353936/fast"
/usr/bin/make -f CMakeFiles/cmTryCompileExec2325353936.dir/build.make CMakeFiles/cmTryCompileExec2325353936.dir/build
make[1]: Entering directory `/home/g77/workspace/ak/AngewandteKryptografie/EclipseDebug/CMakeFiles/CMakeTmp'
/usr/local/bin/cmake -E cmake_progress_report /home/g77/workspace/ak/AngewandteKryptografie/EclipseDebug/CMakeFiles/CMakeTmp/CMakeFiles 1
Building C object CMakeFiles/cmTryCompileExec2325353936.dir/CheckFunctionExists.c.o
/usr/bin/cc   -DCHECK_FUNCTION_EXISTS=pthread_create   -o CMakeFiles/cmTryCompileExec2325353936.dir/CheckFunctionExists.c.o   -c /usr/local/share/cmake-2.8/Modules/CheckFunctionExists.c
Linking C executable cmTryCompileExec2325353936
/usr/local/bin/cmake -E cmake_link_script CMakeFiles/cmTryCompileExec2325353936.dir/link.txt --verbose=1
/usr/bin/cc   -DCHECK_FUNCTION_EXISTS=pthread_create    CMakeFiles/cmTryCompileExec2325353936.dir/CheckFunctionExists.c.o  -o cmTryCompileExec2325353936 -rdynamic -lpthreads 
/usr/bin/ld: cannot find -lpthreads
collect2: error: ld returned 1 exit status
make[1]: *** [cmTryCompileExec2325353936] Error 1
make[1]: Leaving directory `/home/g77/workspace/ak/AngewandteKryptografie/EclipseDebug/CMakeFiles/CMakeTmp'
make: *** [cmTryCompileExec2325353936/fast] Error 2


